[debug] [2024-09-19T19:55:42.215Z] ----------------------------------------------------------------------
[debug] [2024-09-19T19:55:42.217Z] Command:       C:\Program Files\nodejs\node.exe C:\Users\ratra\AppData\Roaming\npm\node_modules\firebase-tools\lib\bin\firebase.js init
[debug] [2024-09-19T19:55:42.217Z] CLI Version:   13.18.0
[debug] [2024-09-19T19:55:42.218Z] Platform:      win32
[debug] [2024-09-19T19:55:42.218Z] Node Version:  v18.13.0
[debug] [2024-09-19T19:55:42.218Z] Time:          Fri Sep 20 2024 01:25:42 GMT+0530 (India Standard Time)
[debug] [2024-09-19T19:55:42.219Z] ----------------------------------------------------------------------
[debug] 
[debug] [2024-09-19T19:55:42.225Z] > command requires scopes: ["email","openid","https://www.googleapis.com/auth/cloudplatformprojects.readonly","https://www.googleapis.com/auth/firebase","https://www.googleapis.com/auth/cloud-platform"]
[debug] [2024-09-19T19:55:42.226Z] > authorizing via signed-in user (ratraparth59@gmail.com)
[info] 
     ######## #### ########  ######## ########     ###     ######  ########
     ##        ##  ##     ## ##       ##     ##  ##   ##  ##       ##
     ######    ##  ########  ######   ########  #########  ######  ######
     ##        ##  ##    ##  ##       ##     ## ##     ##       ## ##
     ##       #### ##     ## ######## ########  ##     ##  ######  ########

You're about to initialize a Firebase project in this directory:

  C:\Users\ratra\OneDrive\Desktop\nomad_frontend

[info] 
=== Project Setup
[info] 
[info] First, let's associate this project directory with a Firebase project.
[info] You can create multiple project aliases by running firebase use --add, 
[info] but for now we'll just set up a default project.
[info] 
[info] i  If you want to create a project in a Google Cloud organization or folder, please use "firebase projects:create" instead, and return to this command when you've created the project. 
[debug] [2024-09-19T19:56:05.409Z] >>> [apiv2][query] POST https://cloudresourcemanager.googleapis.com/v1/projects [none]
[debug] [2024-09-19T19:56:05.409Z] >>> [apiv2][body] POST https://cloudresourcemanager.googleapis.com/v1/projects {"projectId":"nomad_trakker","name":"nomad_trakker"}
[debug] [2024-09-19T19:56:07.155Z] <<< [apiv2][status] POST https://cloudresourcemanager.googleapis.com/v1/projects 400
[debug] [2024-09-19T19:56:07.155Z] <<< [apiv2][body] POST https://cloudresourcemanager.googleapis.com/v1/projects {"error":{"code":400,"message":"Request contains an invalid argument.","status":"INVALID_ARGUMENT","details":[{"@type":"type.googleapis.com/google.rpc.BadRequest","fieldViolations":[{"field":"project_id","description":"project_id contains invalid characters"},{"field":"display_name","description":"project display name contains invalid characters"}]},{"@type":"type.googleapis.com/google.rpc.Help","links":[{"url":"https://cloud.google.com/resource-manager/reference/rest/v1/projects"}]}]}}
[debug] [2024-09-19T19:56:07.300Z] FirebaseError: HTTP Error: 400, Request contains an invalid argument.
    at responseToError (C:\Users\ratra\AppData\Roaming\npm\node_modules\firebase-tools\lib\responseToError.js:49:12)
    at RetryOperation._fn (C:\Users\ratra\AppData\Roaming\npm\node_modules\firebase-tools\lib\apiv2.js:305:77)
    at process.processTicksAndRejections (node:internal/process/task_queues:95:5)
[error] 
[error] Error: Failed to create project. See firebase-debug.log for more info.
[debug] [2024-09-19T19:59:18.600Z] ----------------------------------------------------------------------
[debug] [2024-09-19T19:59:18.601Z] Command:       C:\Program Files\nodejs\node.exe C:\Users\ratra\AppData\Roaming\npm\node_modules\firebase-tools\lib\bin\firebase.js init
[debug] [2024-09-19T19:59:18.602Z] CLI Version:   13.18.0
[debug] [2024-09-19T19:59:18.602Z] Platform:      win32
[debug] [2024-09-19T19:59:18.602Z] Node Version:  v18.13.0
[debug] [2024-09-19T19:59:18.603Z] Time:          Fri Sep 20 2024 01:29:18 GMT+0530 (India Standard Time)
[debug] [2024-09-19T19:59:18.603Z] ----------------------------------------------------------------------
[debug] 
[debug] [2024-09-19T19:59:18.610Z] > command requires scopes: ["email","openid","https://www.googleapis.com/auth/cloudplatformprojects.readonly","https://www.googleapis.com/auth/firebase","https://www.googleapis.com/auth/cloud-platform"]
[debug] [2024-09-19T19:59:18.610Z] > authorizing via signed-in user (ratraparth59@gmail.com)
[info] 
     ######## #### ########  ######## ########     ###     ######  ########
     ##        ##  ##     ## ##       ##     ##  ##   ##  ##       ##
     ######    ##  ########  ######   ########  #########  ######  ######
     ##        ##  ##    ##  ##       ##     ## ##     ##       ## ##
     ##       #### ##     ## ######## ########  ##     ##  ######  ########

You're about to initialize a Firebase project in this directory:

  C:\Users\ratra\OneDrive\Desktop\nomad_frontend

